--- Copying files at Wed Mar 19 22:47:28 UTC 2025
INSTALLED plugins/mailer.jpi : 489.vd4b_25144138f
INSTALLED plugins/script-security.jpi : 1373.vb_b_4a_a_c26fa_00
INSTALLED plugins/credentials.jpi : 1408.va_622a_b_f5b_1b_1
INSTALLED plugins/job-dsl.jpi : 1.91
INSTALLED plugins/pipeline-stage-view.jpi : 2.37
INSTALLED plugins/blueocean-i18n.jpi : 1.27.17
INSTALLED plugins/workflow-basic-steps.jpi : 1079.vce64b_a_929c5a_
INSTALLED plugins/pipeline-graph-analysis.jpi : 231.v56354571a_da_0
INSTALLED plugins/jaxb.jpi : 2.3.9-133.vb_ec76a_73f706
INSTALLED plugins/jakarta-mail-api.jpi : 2.1.3-2
INSTALLED plugins/caffeine-api.jpi : 3.2.0-161.v691ef352cee1
INSTALLED plugins/apache-httpcomponents-client-4-api.jpi : 4.5.14-269.vfa_2321039a_83
INSTALLED plugins/pipeline-model-definition.jpi : 2.2247.va_423189a_7dff
INSTALLED plugins/junit.jpi : 1317.v5b_35d792b_06a_
INSTALLED plugins/jenkins-design-language.jpi : 1.27.17
INSTALLED plugins/sshd.jpi : 3.353.v2b_d33c46e970
INSTALLED plugins/json-path-api.jpi : 2.9.0-148.v22a_7ffe323ce
INSTALLED plugins/favorite.jpi : 2.225.v68765b_b_a_1fa_3
INSTALLED plugins/variant.jpi : 70.va_d9f17f859e0
INSTALLED plugins/blueocean-rest-impl.jpi : 1.27.17
INSTALLED plugins/blueocean-pipeline-scm-api.jpi : 1.27.17
INSTALLED plugins/blueocean-bitbucket-pipeline.jpi : 1.27.17
INSTALLED plugins/commons-compress-api.jpi : 1.27.1-3
INSTALLED plugins/mina-sshd-api-core.jpi : 2.14.0-143.v2b_362fc39576
INSTALLED plugins/workflow-cps-global-lib.jpi : 615.vb_b_0664a_b_19f3
INSTALLED plugins/blueocean-commons.jpi : 1.27.17
INSTALLED plugins/docker-java-api.jpi : 3.4.1-96.v77147a_de67f8
INSTALLED plugins/configuration-as-code.jpi : 1947.v7d33fe23569c
INSTALLED plugins/pipeline-groovy-lib.jpi : 752.vdddedf804e72
INSTALLED plugins/blueocean-personalization.jpi : 1.27.17
INSTALLED plugins/github.jpi : 1.42.0
INSTALLED plugins/pipeline-milestone-step.jpi : 127.vb_52887ca_3b_6d
INSTALLED plugins/pipeline-stage-step.jpi : 322.vecffa_99f371c
INSTALLED plugins/workflow-cps.jpi : 4045.v0efb_cb_7cea_e9
INSTALLED plugins/javax-activation-api.jpi : 1.2.0-8
INSTALLED plugins/ssh-credentials.jpi : 355.v9b_e5b_cde5003
INSTALLED plugins/commons-lang3-api.jpi : 3.17.0-84.vb_b_938040b_078
INSTALLED plugins/prism-api.jpi : 1.30.0-1
INSTALLED plugins/cloudbees-folder.jpi : 6.985.va_f1635030cc5
INSTALLED plugins/docker-plugin.jpi : 1274.vc0203fdf2e74
INSTALLED plugins/jackson2-api.jpi : 2.18.3-402.v74c4eb_f122b_2
INSTALLED plugins/okhttp-api.jpi : 4.11.0-183.va_87fc7a_89810
INSTALLED plugins/docker-commons.jpi : 451.vd12c371eeeb_3
INSTALLED plugins/blueocean-config.jpi : 1.27.17
INSTALLED plugins/antisamy-markup-formatter.jpi : 173.v680e3a_b_69ff3
INSTALLED plugins/gson-api.jpi : 2.12.1-113.v347686d6729f
INSTALLED plugins/workflow-durable-task-step.jpi : 1405.v1fcd4a_d00096
INSTALLED plugins/mina-sshd-api-common.jpi : 2.14.0-143.v2b_362fc39576
INSTALLED plugins/workflow-support.jpi : 963.va_600813d04a_a_
INSTALLED plugins/pipeline-model-extensions.jpi : 2.2247.va_423189a_7dff
INSTALLED plugins/blueocean-git-pipeline.jpi : 1.27.17
INSTALLED plugins/json-api.jpi : 20250107-125.v28b_a_ffa_eb_f01
INSTALLED plugins/pipeline-build-step.jpi : 557.v95d96f77b_2b_8
INSTALLED plugins/ssh-slaves.jpi : 3.1031.v72c6b_883b_869
INSTALLED plugins/github-api.jpi : 1.321-478.vc9ce627ce001
INSTALLED plugins/instance-identity.jpi : 203.v15e81a_1b_7a_38
INSTALLED plugins/asm-api.jpi : 9.7.1-97.v4cc844130d97
INSTALLED plugins/ssh-agent.jpi : 384.ve275343791a_6
INSTALLED plugins/blueocean-jwt.jpi : 1.27.17
INSTALLED plugins/cloudbees-bitbucket-branch-source.jpi : 935.1.2
INSTALLED plugins/blueocean-web.jpi : 1.27.17
INSTALLED plugins/jjwt-api.jpi : 0.11.5-120.v0268cf544b_89
INSTALLED plugins/eddsa-api.jpi : 0.3.0.1-16.vcb_4a_98a_3531c
INSTALLED plugins/cloud-stats.jpi : 377.vd8a_6c953e98e
INSTALLED plugins/jakarta-activation-api.jpi : 2.1.3-2
INSTALLED plugins/bootstrap5-api.jpi : 5.3.3-2
INSTALLED plugins/plain-credentials.jpi : 183.va_de8f1dd5a_2b_
INSTALLED plugins/github-branch-source.jpi : 1810.v913311241fa_9
INSTALLED plugins/blueocean-github-pipeline.jpi : 1.27.17
INSTALLED plugins/structs.jpi : 343.vdcf37b_a_c81d5
INSTALLED plugins/git.jpi : 5.7.0
INSTALLED plugins/workflow-step-api.jpi : 700.v6e45cb_a_5a_a_21
INSTALLED plugins/jquery3-api.jpi : 3.7.1-3
INSTALLED plugins/blueocean-pipeline-api-impl.jpi : 1.27.17
INSTALLED plugins/data-tables-api.jpi : 2.2.2-1
INSTALLED plugins/font-awesome-api.jpi : 6.7.2-1
INSTALLED plugins/lockable-resources.jpi : 1349.v8b_ccb_c5487f7
INSTALLED plugins/blueocean-events.jpi : 1.27.17
INSTALLED plugins/blueocean-display-url.jpi : 2.4.4
INSTALLED plugins/blueocean-dashboard.jpi : 1.27.17
INSTALLED plugins/checks-api.jpi : 367.v18b_7f530e54a_
INSTALLED plugins/workflow-multibranch.jpi : 803.v08103b_87c280
INSTALLED plugins/echarts-api.jpi : 5.6.0-2
INSTALLED plugins/workflow-aggregator.jpi : 2.6
INSTALLED plugins/durable-task.jpi : 587.v84b_877235b_45
INSTALLED plugins/ionicons-api.jpi : 82.v0597178874e1
INSTALLED plugins/pipeline-stage-tags-metadata.jpi : 2.2247.va_423189a_7dff
INSTALLED plugins/trilead-api.jpi : 2.192.vc50a_d147e369
INSTALLED plugins/credentials-binding.jpi : 687.v619cb_15e923f
INSTALLED plugins/snakeyaml-api.jpi : 2.3-123.v13484c65210a_
INSTALLED plugins/workflow-api.jpi : 1366.vf1fb_e1a_f6b_22
INSTALLED plugins/matrix-project.jpi : 845.vffd7fa_f27555
INSTALLED plugins/ansible.jpi : 524.v9fa_a_4c989224
INSTALLED plugins/authentication-tokens.jpi : 1.131.v7199556c3004
INSTALLED plugins/docker-workflow.jpi : 1.26
INSTALLED plugins/scm-api.jpi : 704.v3ce5c542825a_
INSTALLED plugins/display-url-api.jpi : 2.209.v582ed814ff2f
INSTALLED plugins/pubsub-light.jpi : 1.19
INSTALLED plugins/workflow-scm-step.jpi : 437.v05a_f66b_e5ef8
INSTALLED plugins/workflow-job.jpi : 1505.vea_4b_20a_4a_495
INSTALLED plugins/handy-uri-templates-2-api.jpi : 2.1.8-36.v85e4cb_234a_13
INSTALLED plugins/git-server.jpi : 137.ve0060b_432302
INSTALLED plugins/blueocean-rest.jpi : 1.27.17
INSTALLED plugins/plugin-util-api.jpi : 6.0.0
INSTALLED plugins/htmlpublisher.jpi : 425
INSTALLED plugins/token-macro.jpi : 444.v52de7e9c573d
INSTALLED plugins/pipeline-rest-api.jpi : 2.37
INSTALLED plugins/pipeline-model-api.jpi : 2.2247.va_423189a_7dff
INSTALLED plugins/sse-gateway.jpi : 1.28
INSTALLED plugins/bouncycastle-api.jpi : 2.30.1.80-256.vf98926042a_9b_
INSTALLED plugins/commons-text-api.jpi : 1.13.0-153.v91dcd89e2a_22
INSTALLED plugins/joda-time-api.jpi : 2.13.1-115.va_6b_5f8efb_1d8
INSTALLED plugins/blueocean-core-js.jpi : 1.27.17
INSTALLED plugins/ssh.jpi : 158.ve2a_e90fb_7319
INSTALLED plugins/apache-httpcomponents-client-5-api.jpi : 5.4-136.v5a_21779c63f8
INSTALLED plugins/branch-api.jpi : 2.1214.v3f652804588d
INSTALLED plugins/git-client.jpi : 6.1.2
INSTALLED plugins/jsch.jpi : 0.2.16-95.v3eecb_55fa_b_78
INSTALLED plugins/blueocean-pipeline-editor.jpi : 1.27.17
INSTALLED plugins/blueocean.jpi : 1.27.17
INSTALLED plugins/pipeline-input-step.jpi : 517.vf8e782ee645c
INSTALLED plugins.txt
--- Copied files finished at Wed Mar 19 22:47:29 UTC 2025
--- Copying files at Wed Mar 19 22:48:14 UTC 2025
--- Copied files finished at Wed Mar 19 22:48:15 UTC 2025
--- Copying files at Thu Mar 20 00:59:41 UTC 2025
SKIPPED plugins/workflow-aggregator.jpi : Installed version (608.v67378e9d3db_1) has been manually upgraded from initial version (2.6)
--- Copied files finished at Thu Mar 20 00:59:42 UTC 2025
--- Copying files at Thu Mar 20 01:29:32 UTC 2025
SKIPPED plugins/workflow-aggregator.jpi : Installed version (608.v67378e9d3db_1) has been manually upgraded from initial version (2.6)
--- Copied files finished at Thu Mar 20 01:29:33 UTC 2025
--- Copying files at Thu Mar 20 01:31:21 UTC 2025
SKIPPED plugins/workflow-aggregator.jpi : Installed version (608.v67378e9d3db_1) has been manually upgraded from initial version (2.6)
--- Copied files finished at Thu Mar 20 01:31:22 UTC 2025
--- Copying files at Thu Mar 20 01:35:01 UTC 2025
SKIPPED plugins/workflow-aggregator.jpi : Installed version (608.v67378e9d3db_1) has been manually upgraded from initial version (2.6)
--- Copied files finished at Thu Mar 20 01:35:02 UTC 2025
--- Copying files at Thu Mar 20 01:41:21 UTC 2025
SKIPPED plugins/workflow-aggregator.jpi : Installed version (608.v67378e9d3db_1) has been manually upgraded from initial version (2.6)
--- Copied files finished at Thu Mar 20 01:41:22 UTC 2025
--- Copying files at Thu Mar 20 01:49:19 UTC 2025
SKIPPED plugins/workflow-aggregator.jpi : Installed version (608.v67378e9d3db_1) has been manually upgraded from initial version (2.6)
--- Copied files finished at Thu Mar 20 01:49:20 UTC 2025
--- Copying files at Thu Mar 20 01:50:00 UTC 2025
SKIPPED plugins/workflow-aggregator.jpi : Installed version (608.v67378e9d3db_1) has been manually upgraded from initial version (2.6)
--- Copied files finished at Thu Mar 20 01:50:01 UTC 2025
--- Copying files at Thu Mar 20 01:50:22 UTC 2025
SKIPPED plugins/workflow-aggregator.jpi : Installed version (608.v67378e9d3db_1) has been manually upgraded from initial version (2.6)
--- Copied files finished at Thu Mar 20 01:50:23 UTC 2025
--- Copying files at Thu Mar 20 01:54:24 UTC 2025
SKIPPED plugins/workflow-aggregator.jpi : Installed version (608.v67378e9d3db_1) has been manually upgraded from initial version (2.6)
--- Copied files finished at Thu Mar 20 01:54:25 UTC 2025
--- Copying files at Thu Mar 20 01:55:19 UTC 2025
SKIPPED plugins/workflow-aggregator.jpi : Installed version (608.v67378e9d3db_1) has been manually upgraded from initial version (2.6)
--- Copied files finished at Thu Mar 20 01:55:20 UTC 2025
--- Copying files at Thu Mar 20 01:56:41 UTC 2025
SKIPPED plugins/workflow-aggregator.jpi : Installed version (608.v67378e9d3db_1) has been manually upgraded from initial version (2.6)
--- Copied files finished at Thu Mar 20 01:56:42 UTC 2025
--- Copying files at Thu Mar 20 01:57:45 UTC 2025
SKIPPED plugins/workflow-aggregator.jpi : Installed version (608.v67378e9d3db_1) has been manually upgraded from initial version (2.6)
--- Copied files finished at Thu Mar 20 01:57:46 UTC 2025
--- Copying files at Thu Mar 20 01:58:33 UTC 2025
SKIPPED plugins/workflow-aggregator.jpi : Installed version (608.v67378e9d3db_1) has been manually upgraded from initial version (2.6)
--- Copied files finished at Thu Mar 20 01:58:34 UTC 2025
